\BOOKMARK [0][-]{Doc-Start}{口試委員會審定書}{}% 1
\BOOKMARK [0][-]{chapter*.1}{誌謝}{}% 2
\BOOKMARK [0][-]{chapter*.2}{摘要}{}% 3
\BOOKMARK [0][-]{chapter*.3}{Abstract}{}% 4
\BOOKMARK [0][-]{chapter.1}{Introduction}{}% 5
\BOOKMARK [1][-]{section.1.1}{Overview}{chapter.1}% 6
\BOOKMARK [0][-]{chapter.2}{Tensor\040Network\040Theory}{}% 7
\BOOKMARK [1][-]{section.2.1}{Representation\040of\040tensors\040in\040tensor\040Networks}{chapter.2}% 8
\BOOKMARK [1][-]{section.2.2}{Tensor\040operations\040and\040tensor\040network\040diagrams}{chapter.2}% 9
\BOOKMARK [2][-]{subsection.2.2.1}{Permutation}{section.2.2}% 10
\BOOKMARK [2][-]{subsection.2.2.2}{Tensor\040contraction}{section.2.2}% 11
\BOOKMARK [1][-]{section.2.3}{Describe\040Quantum\040states\040with\040tensor\040network}{chapter.2}% 12
\BOOKMARK [0][-]{chapter.3}{2-D\040Imaginary\040Time\040Evolving\040Block\040Decimation}{}% 13
\BOOKMARK [1][-]{section.3.1}{Imaginary\040Time\040Evolution}{chapter.3}% 14
\BOOKMARK [1][-]{section.3.2}{Simple\040Infinite\040Imaginary-Time\040Evolving\040Block\040Decimation\040for\0402-D\040system}{chapter.3}% 15
\BOOKMARK [2][-]{subsection.3.2.1}{Simple\040Description\040of\040iTEBD\040for\0401-D\040system}{section.3.2}% 16
\BOOKMARK [2][-]{subsection.3.2.2}{Description\040and\040Pseudocode\040of\040iTEBD\040for\0402-D\040system}{section.3.2}% 17
\BOOKMARK [1][-]{section.3.3}{Ameliorate\040two-dimensional\040iTEBD}{chapter.3}% 18
\BOOKMARK [1][-]{section.3.4}{Optimizations}{chapter.3}% 19
\BOOKMARK [2][-]{subsection.3.4.1}{Initialization}{section.3.4}% 20
\BOOKMARK [2][-]{subsection.3.4.2}{Truncattion\040Error}{section.3.4}% 21
\BOOKMARK [2][-]{subsection.3.4.3}{QR\040decomposition}{section.3.4}% 22
\BOOKMARK [1][-]{section.3.5}{Comparison}{chapter.3}% 23
\BOOKMARK [2][-]{subsection.3.5.1}{Different\040Initializations}{section.3.5}% 24
\BOOKMARK [0][-]{figure.caption.28}{Bibliography}{}% 25
